0 info it worked if it ends with ok
1 verbose cli [ '/Users/thomas/.nvm/versions/io.js/v2.5.0/bin/iojs',
1 verbose cli   '/Users/thomas/.nvm/versions/io.js/v2.5.0/bin/npm',
1 verbose cli   'publish' ]
2 info using npm@2.13.2
3 info using node@v2.5.0
4 verbose publish [ '.' ]
5 verbose stack Error: No version provided
5 verbose stack     at /Users/thomas/.nvm/versions/io.js/v2.5.0/lib/node_modules/npm/lib/publish.js:52:36
5 verbose stack     at /Users/thomas/.nvm/versions/io.js/v2.5.0/lib/node_modules/npm/node_modules/read-package-json/read-json.js:345:5
5 verbose stack     at handleExists (/Users/thomas/.nvm/versions/io.js/v2.5.0/lib/node_modules/npm/node_modules/read-package-json/read-json.js:318:20)
5 verbose stack     at FSReqWrap.cb [as oncomplete] (evalmachine.<anonymous>:212:19)
6 verbose cwd /Users/thomas/Desktop/node-reggi/local_modules/module-harvest
7 error Darwin 14.4.0
8 error argv "/Users/thomas/.nvm/versions/io.js/v2.5.0/bin/iojs" "/Users/thomas/.nvm/versions/io.js/v2.5.0/bin/npm" "publish"
9 error node v2.5.0
10 error npm  v2.13.2
11 error No version provided
12 error If you need help, you may report this error at:
12 error     <https://github.com/npm/npm/issues>
13 verbose exit [ 1, true ]
